<?xml version="1.0" encoding="UTF-8"?>
<testsuites>
    <testsuite name="start-a-chat;start-a-chat-with-a-real-friend" tests="2" failures="0" skipped="0">
        <properties>
            <property name="URI" value="C:/Users/alba-/Desktop/ASW-Cucumber/dechat_es3b/features/createChat.feature">
            </property>
        </properties>
        <testcase name="Given a &quot;test3b&quot; with a &quot;SolidTest3b$&quot; that wants to talk with a friend" classname="start-a-chat;start-a-chat-with-a-real-friend" time="8.244533101">
        </testcase>
        <testcase name="Then the chat is created" classname="start-a-chat;start-a-chat-with-a-real-friend" time="1.664250148">
        </testcase>
    </testsuite>
    <testsuite name="make-login-in-the-chat;do-login-in-chat" tests="2" failures="0" skipped="0">
        <properties>
            <property name="URI" value="C:/Users/alba-/Desktop/ASW-Cucumber/dechat_es3b/features/login.feature">
            </property>
        </properties>
        <testcase name="Given a &quot;test3b&quot; and &quot;SolidTest3b$&quot; and the user make login" classname="make-login-in-the-chat;do-login-in-chat" time="7.37607889">
        </testcase>
        <testcase name="Then the login is successfull" classname="make-login-in-the-chat;do-login-in-chat" time="0.235615773">
        </testcase>
    </testsuite>
    <testsuite name="make-bad-login-in-the-chat;do-bad-login-in-chat" tests="2" failures="0" skipped="0">
        <properties>
            <property name="URI" value="C:/Users/alba-/Desktop/ASW-Cucumber/dechat_es3b/features/loginFailure.feature">
            </property>
        </properties>
        <testcase name="Given a &quot;userTest3&quot; and &quot;passwordInvalid&quot; and the user make bad login" classname="make-bad-login-in-the-chat;do-bad-login-in-chat" time="7.033728925">
        </testcase>
        <testcase name="Then the login is unsuccessfull" classname="make-bad-login-in-the-chat;do-bad-login-in-chat" time="0.006569907">
        </testcase>
    </testsuite>
    <testsuite name="make-bad-login-in-the-chat;do-bad-login-in-chat" tests="2" failures="0" skipped="0">
        <properties>
            <property name="URI" value="C:/Users/alba-/Desktop/ASW-Cucumber/dechat_es3b/features/loginFailure.feature">
            </property>
        </properties>
        <testcase name="Given a &quot;userInvalid&quot; and &quot;password&quot; and the user make bad login" classname="make-bad-login-in-the-chat;do-bad-login-in-chat" time="6.940248199">
        </testcase>
        <testcase name="Then the login is unsuccessfull" classname="make-bad-login-in-the-chat;do-bad-login-in-chat" time="0.008178402">
        </testcase>
    </testsuite>
    <testsuite name="make-logout-in-the-chat;do-logout-in-chat" tests="2" failures="0" skipped="0">
        <properties>
            <property name="URI" value="C:/Users/alba-/Desktop/ASW-Cucumber/dechat_es3b/features/logout.feature">
            </property>
        </properties>
        <testcase name="Given a &quot;test3b&quot; and &quot;SolidTest3b$&quot; and the user make login and log out" classname="make-logout-in-the-chat;do-logout-in-chat" time="7.4628349">
        </testcase>
        <testcase name="Then the main window is shows" classname="make-logout-in-the-chat;do-logout-in-chat" time="0.271296035">
        </testcase>
    </testsuite>
</testsuites>